# JRE version: OpenJDK Runtime Environment Temurin-21.0.9+10 (21.0.9+10) (build 21.0.9+10-LTS)
# Java VM: OpenJDK 64-Bit Server VM Temurin-21.0.9+10 (21.0.9+10-LTS, mixed mode, sharing, tiered, compressed oops, compressed class ptrs, parallel gc, windows-amd64)
GC Precious Log:
 CardTable entry size: 512
 CPUs: 16 total, 16 available
 Memory: 16077M
 Large Page Support: Disabled
 NUMA Support: Disabled
 Compressed Oops: Enabled (32-bit)
 Alignments: Space 512K, Generation 512K, Heap 2M
 Heap Min Capacity: 100M
 Heap Initial Capacity: 100M
 Heap Max Capacity: 2G
 Pre-touch: Disabled
 Parallel Workers: 13
Heap:
 PSYoungGen      total 6656K, used 2202K [0x00000000d5580000, 0x00000000d5d00000, 0x0000000100000000)
  eden space 5632K, 30% used [0x00000000d5580000,0x00000000d572e308,0x00000000d5b00000)
  from space 1024K, 47% used [0x00000000d5c00000,0x00000000d5c78540,0x00000000d5d00000)
  to   space 1024K, 0% used [0x00000000d5b00000,0x00000000d5b00000,0x00000000d5c00000)
 ParOldGen       total 741888K, used 257306K [0x0000000080000000, 0x00000000ad480000, 0x00000000d5580000)
  object space 741888K, 34% used [0x0000000080000000,0x000000008fb46828,0x00000000ad480000)
 Metaspace       used 88679K, committed 90560K, reserved 1179648K
  class space    used 8964K, committed 9792K, reserved 1048576K
GC Heap History (20 events):
Event: 376.887 GC heap before
{Heap before GC invocations=1116 (full 5):
 PSYoungGen      total 6144K, used 6080K [0x00000000d5580000, 0x00000000d5c80000, 0x0000000100000000)
  eden space 5120K, 100% used [0x00000000d5580000,0x00000000d5a80000,0x00000000d5a80000)
  from space 1024K, 93% used [0x00000000d5b80000,0x00000000d5c70000,0x00000000d5c80000)
  to   space 1024K, 0% used [0x00000000d5a80000,0x00000000d5a80000,0x00000000d5b80000)
 ParOldGen       total 741888K, used 250487K [0x0000000080000000, 0x00000000ad480000, 0x00000000d5580000)
  object space 741888K, 33% used [0x0000000080000000,0x000000008f49dcd8,0x00000000ad480000)
 Metaspace       used 88323K, committed 90176K, reserved 1179648K
  class space    used 8921K, committed 9728K, reserved 1048576K
}
Event: 376.889 GC heap after
{Heap after GC invocations=1116 (full 5):
 PSYoungGen      total 6144K, used 1008K [0x00000000d5580000, 0x00000000d5e80000, 0x0000000100000000)
  eden space 5120K, 0% used [0x00000000d5580000,0x00000000d5580000,0x00000000d5a80000)
  from space 1024K, 98% used [0x00000000d5a80000,0x00000000d5b7c018,0x00000000d5b80000)
  to   space 2048K, 0% used [0x00000000d5c80000,0x00000000d5c80000,0x00000000d5e80000)
 ParOldGen       total 741888K, used 251203K [0x0000000080000000, 0x00000000ad480000, 0x00000000d5580000)
  object space 741888K, 33% used [0x0000000080000000,0x000000008f550fe0,0x00000000ad480000)
 Metaspace       used 88323K, committed 90176K, reserved 1179648K
  class space    used 8921K, committed 9728K, reserved 1048576K
}
Event: 376.899 GC heap before
{Heap before GC invocations=1117 (full 5):
 PSYoungGen      total 6144K, used 6128K [0x00000000d5580000, 0x00000000d5e80000, 0x0000000100000000)
  eden space 5120K, 100% used [0x00000000d5580000,0x00000000d5a80000,0x00000000d5a80000)
  from space 1024K, 98% used [0x00000000d5a80000,0x00000000d5b7c018,0x00000000d5b80000)
  to   space 2048K, 0% used [0x00000000d5c80000,0x00000000d5c80000,0x00000000d5e80000)
 ParOldGen       total 741888K, used 251203K [0x0000000080000000, 0x00000000ad480000, 0x00000000d5580000)
  object space 741888K, 33% used [0x0000000080000000,0x000000008f550fe0,0x00000000ad480000)
 Metaspace       used 88323K, committed 90176K, reserved 1179648K
  class space    used 8921K, committed 9728K, reserved 1048576K
}
Event: 376.906 GC heap after
{Heap after GC invocations=1117 (full 5):
 PSYoungGen      total 7680K, used 704K [0x00000000d5580000, 0x00000000d5e80000, 0x0000000100000000)
  eden space 5632K, 0% used [0x00000000d5580000,0x00000000d5580000,0x00000000d5b00000)
  from space 2048K, 34% used [0x00000000d5c80000,0x00000000d5d30000,0x00000000d5e80000)
  to   space 1536K, 0% used [0x00000000d5b00000,0x00000000d5b00000,0x00000000d5c80000)
 ParOldGen       total 741888K, used 252169K [0x0000000080000000, 0x00000000ad480000, 0x00000000d5580000)
  object space 741888K, 33% used [0x0000000080000000,0x000000008f642508,0x00000000ad480000)
 Metaspace       used 88323K, committed 90176K, reserved 1179648K
  class space    used 8921K, committed 9728K, reserved 1048576K
}
Event: 376.914 GC heap before
{Heap before GC invocations=1118 (full 5):
 PSYoungGen      total 7680K, used 6336K [0x00000000d5580000, 0x00000000d5e80000, 0x0000000100000000)
  eden space 5632K, 100% used [0x00000000d5580000,0x00000000d5b00000,0x00000000d5b00000)
  from space 2048K, 34% used [0x00000000d5c80000,0x00000000d5d30000,0x00000000d5e80000)
  to   space 1536K, 0% used [0x00000000d5b00000,0x00000000d5b00000,0x00000000d5c80000)
 ParOldGen       total 741888K, used 252169K [0x0000000080000000, 0x00000000ad480000, 0x00000000d5580000)
  object space 741888K, 33% used [0x0000000080000000,0x000000008f642508,0x00000000ad480000)
 Metaspace       used 88323K, committed 90176K, reserved 1179648K
  class space    used 8921K, committed 9728K, reserved 1048576K
}
Event: 376.915 GC heap after
{Heap after GC invocations=1118 (full 5):
 PSYoungGen      total 6656K, used 800K [0x00000000d5580000, 0x00000000d5d00000, 0x0000000100000000)
  eden space 5632K, 0% used [0x00000000d5580000,0x00000000d5580000,0x00000000d5b00000)
  from space 1024K, 78% used [0x00000000d5b00000,0x00000000d5bc8000,0x00000000d5c00000)
  to   space 1024K, 0% used [0x00000000d5c00000,0x00000000d5c00000,0x00000000d5d00000)
 ParOldGen       total 741888K, used 252673K [0x0000000080000000, 0x00000000ad480000, 0x00000000d5580000)
  object space 741888K, 34% used [0x0000000080000000,0x000000008f6c0588,0x00000000ad480000)
 Metaspace       used 88323K, committed 90176K, reserved 1179648K
  class space    used 8921K, committed 9728K, reserved 1048576K
}
Event: 376.923 GC heap before
{Heap before GC invocations=1119 (full 5):
 PSYoungGen      total 6656K, used 6432K [0x00000000d5580000, 0x00000000d5d00000, 0x0000000100000000)
  eden space 5632K, 100% used [0x00000000d5580000,0x00000000d5b00000,0x00000000d5b00000)
  from space 1024K, 78% used [0x00000000d5b00000,0x00000000d5bc8000,0x00000000d5c00000)
  to   space 1024K, 0% used [0x00000000d5c00000,0x00000000d5c00000,0x00000000d5d00000)
 ParOldGen       total 741888K, used 252673K [0x0000000080000000, 0x00000000ad480000, 0x00000000d5580000)
  object space 741888K, 34% used [0x0000000080000000,0x000000008f6c0588,0x00000000ad480000)
 Metaspace       used 88323K, committed 90176K, reserved 1179648K
  class space    used 8921K, committed 9728K, reserved 1048576K
}
Event: 376.924 GC heap after
{Heap after GC invocations=1119 (full 5):
 PSYoungGen      total 6656K, used 736K [0x00000000d5580000, 0x00000000d5d00000, 0x0000000100000000)
  eden space 5632K, 0% used [0x00000000d5580000,0x00000000d5580000,0x00000000d5b00000)
  from space 1024K, 71% used [0x00000000d5c00000,0x00000000d5cb8020,0x00000000d5d00000)
  to   space 1024K, 0% used [0x00000000d5b00000,0x00000000d5b00000,0x00000000d5c00000)
 ParOldGen       total 741888K, used 253313K [0x0000000080000000, 0x00000000ad480000, 0x00000000d5580000)
  object space 741888K, 34% used [0x0000000080000000,0x000000008f7605a8,0x00000000ad480000)
 Metaspace       used 88323K, committed 90176K, reserved 1179648K
  class space    used 8921K, committed 9728K, reserved 1048576K
}
Event: 376.928 GC heap before
{Heap before GC invocations=1120 (full 5):
 PSYoungGen      total 6656K, used 6368K [0x00000000d5580000, 0x00000000d5d00000, 0x0000000100000000)
  eden space 5632K, 100% used [0x00000000d5580000,0x00000000d5b00000,0x00000000d5b00000)
  from space 1024K, 71% used [0x00000000d5c00000,0x00000000d5cb8020,0x00000000d5d00000)
  to   space 1024K, 0% used [0x00000000d5b00000,0x00000000d5b00000,0x00000000d5c00000)
 ParOldGen       total 741888K, used 253313K [0x0000000080000000, 0x00000000ad480000, 0x00000000d5580000)
  object space 741888K, 34% used [0x0000000080000000,0x000000008f7605a8,0x00000000ad480000)
 Metaspace       used 88323K, committed 90176K, reserved 1179648K
  class space    used 8921K, committed 9728K, reserved 1048576K
}
Event: 376.930 GC heap after
{Heap after GC invocations=1120 (full 5):
 PSYoungGen      total 6656K, used 784K [0x00000000d5580000, 0x00000000d5d00000, 0x0000000100000000)
  eden space 5632K, 0% used [0x00000000d5580000,0x00000000d5580000,0x00000000d5b00000)
  from space 1024K, 76% used [0x00000000d5b00000,0x00000000d5bc4030,0x00000000d5c00000)
  to   space 1024K, 0% used [0x00000000d5c00000,0x00000000d5c00000,0x00000000d5d00000)
 ParOldGen       total 741888K, used 253857K [0x0000000080000000, 0x00000000ad480000, 0x00000000d5580000)
  object space 741888K, 34% used [0x0000000080000000,0x000000008f7e85c8,0x00000000ad480000)
 Metaspace       used 88323K, committed 90176K, reserved 1179648K
  class space    used 8921K, committed 9728K, reserved 1048576K
}
Event: 376.935 GC heap before
{Heap before GC invocations=1121 (full 5):
 PSYoungGen      total 6656K, used 6416K [0x00000000d5580000, 0x00000000d5d00000, 0x0000000100000000)
  eden space 5632K, 100% used [0x00000000d5580000,0x00000000d5b00000,0x00000000d5b00000)
  from space 1024K, 76% used [0x00000000d5b00000,0x00000000d5bc4030,0x00000000d5c00000)
  to   space 1024K, 0% used [0x00000000d5c00000,0x00000000d5c00000,0x00000000d5d00000)
 ParOldGen       total 741888K, used 253857K [0x0000000080000000, 0x00000000ad480000, 0x00000000d5580000)
  object space 741888K, 34% used [0x0000000080000000,0x000000008f7e85c8,0x00000000ad480000)
 Metaspace       used 88323K, committed 90176K, reserved 1179648K
  class space    used 8921K, committed 9728K, reserved 1048576K
}
Event: 376.936 GC heap after
{Heap after GC invocations=1121 (full 5):
 PSYoungGen      total 6656K, used 640K [0x00000000d5580000, 0x00000000d5d00000, 0x0000000100000000)
  eden space 5632K, 0% used [0x00000000d5580000,0x00000000d5580000,0x00000000d5b00000)
  from space 1024K, 62% used [0x00000000d5c00000,0x00000000d5ca0020,0x00000000d5d00000)
  to   space 1024K, 0% used [0x00000000d5b00000,0x00000000d5b00000,0x00000000d5c00000)
 ParOldGen       total 741888K, used 254449K [0x0000000080000000, 0x00000000ad480000, 0x00000000d5580000)
  object space 741888K, 34% used [0x0000000080000000,0x000000008f87c608,0x00000000ad480000)
 Metaspace       used 88323K, committed 90176K, reserved 1179648K
  class space    used 8921K, committed 9728K, reserved 1048576K
}
Event: 376.943 GC heap before
{Heap before GC invocations=1122 (full 5):
 PSYoungGen      total 6656K, used 6272K [0x00000000d5580000, 0x00000000d5d00000, 0x0000000100000000)
  eden space 5632K, 100% used [0x00000000d5580000,0x00000000d5b00000,0x00000000d5b00000)
  from space 1024K, 62% used [0x00000000d5c00000,0x00000000d5ca0020,0x00000000d5d00000)
  to   space 1024K, 0% used [0x00000000d5b00000,0x00000000d5b00000,0x00000000d5c00000)
 ParOldGen       total 741888K, used 254449K [0x0000000080000000, 0x00000000ad480000, 0x00000000d5580000)
  object space 741888K, 34% used [0x0000000080000000,0x000000008f87c608,0x00000000ad480000)
 Metaspace       used 88323K, committed 90176K, reserved 1179648K
  class space    used 8921K, committed 9728K, reserved 1048576K
}
Event: 376.944 GC heap after
{Heap after GC invocations=1122 (full 5):
 PSYoungGen      total 6656K, used 784K [0x00000000d5580000, 0x00000000d5d00000, 0x0000000100000000)
  eden space 5632K, 0% used [0x00000000d5580000,0x00000000d5580000,0x00000000d5b00000)
  from space 1024K, 76% used [0x00000000d5b00000,0x00000000d5bc4030,0x00000000d5c00000)
  to   space 1024K, 0% used [0x00000000d5c00000,0x00000000d5c00000,0x00000000d5d00000)
 ParOldGen       total 741888K, used 254945K [0x0000000080000000, 0x00000000ad480000, 0x00000000d5580000)
  object space 741888K, 34% used [0x0000000080000000,0x000000008f8f8628,0x00000000ad480000)
 Metaspace       used 88323K, committed 90176K, reserved 1179648K
  class space    used 8921K, committed 9728K, reserved 1048576K
}
Event: 377.694 GC heap before
{Heap before GC invocations=1123 (full 5):
 PSYoungGen      total 6656K, used 6416K [0x00000000d5580000, 0x00000000d5d00000, 0x0000000100000000)
  eden space 5632K, 100% used [0x00000000d5580000,0x00000000d5b00000,0x00000000d5b00000)
  from space 1024K, 76% used [0x00000000d5b00000,0x00000000d5bc4030,0x00000000d5c00000)
  to   space 1024K, 0% used [0x00000000d5c00000,0x00000000d5c00000,0x00000000d5d00000)
 ParOldGen       total 741888K, used 254945K [0x0000000080000000, 0x00000000ad480000, 0x00000000d5580000)
  object space 741888K, 34% used [0x0000000080000000,0x000000008f8f8628,0x00000000ad480000)
 Metaspace       used 88324K, committed 90176K, reserved 1179648K
  class space    used 8921K, committed 9728K, reserved 1048576K
}
Event: 377.698 GC heap after
{Heap after GC invocations=1123 (full 5):
 PSYoungGen      total 6656K, used 896K [0x00000000d5580000, 0x00000000d5d00000, 0x0000000100000000)
  eden space 5632K, 0% used [0x00000000d5580000,0x00000000d5580000,0x00000000d5b00000)
  from space 1024K, 87% used [0x00000000d5c00000,0x00000000d5ce0000,0x00000000d5d00000)
  to   space 1024K, 0% used [0x00000000d5b00000,0x00000000d5b00000,0x00000000d5c00000)
 ParOldGen       total 741888K, used 256262K [0x0000000080000000, 0x00000000ad480000, 0x00000000d5580000)
  object space 741888K, 34% used [0x0000000080000000,0x000000008fa41b78,0x00000000ad480000)
 Metaspace       used 88324K, committed 90176K, reserved 1179648K
  class space    used 8921K, committed 9728K, reserved 1048576K
}
Event: 479.466 GC heap before
{Heap before GC invocations=1124 (full 5):
 PSYoungGen      total 6656K, used 6527K [0x00000000d5580000, 0x00000000d5d00000, 0x0000000100000000)
  eden space 5632K, 99% used [0x00000000d5580000,0x00000000d5afff88,0x00000000d5b00000)
  from space 1024K, 87% used [0x00000000d5c00000,0x00000000d5ce0000,0x00000000d5d00000)
  to   space 1024K, 0% used [0x00000000d5b00000,0x00000000d5b00000,0x00000000d5c00000)
 ParOldGen       total 741888K, used 256262K [0x0000000080000000, 0x00000000ad480000, 0x00000000d5580000)
  object space 741888K, 34% used [0x0000000080000000,0x000000008fa41b78,0x00000000ad480000)
 Metaspace       used 88467K, committed 90304K, reserved 1179648K
  class space    used 8935K, committed 9728K, reserved 1048576K
}
Event: 479.468 GC heap after
{Heap after GC invocations=1124 (full 5):
 PSYoungGen      total 6656K, used 628K [0x00000000d5580000, 0x00000000d5d00000, 0x0000000100000000)
  eden space 5632K, 0% used [0x00000000d5580000,0x00000000d5580000,0x00000000d5b00000)
  from space 1024K, 61% used [0x00000000d5b00000,0x00000000d5b9d220,0x00000000d5c00000)
  to   space 1024K, 0% used [0x00000000d5c00000,0x00000000d5c00000,0x00000000d5d00000)
 ParOldGen       total 741888K, used 256893K [0x0000000080000000, 0x00000000ad480000, 0x00000000d5580000)
  object space 741888K, 34% used [0x0000000080000000,0x000000008fadf5f8,0x00000000ad480000)
 Metaspace       used 88467K, committed 90304K, reserved 1179648K
  class space    used 8935K, committed 9728K, reserved 1048576K
}
Event: 528.267 GC heap before
{Heap before GC invocations=1125 (full 5):
 PSYoungGen      total 6656K, used 6248K [0x00000000d5580000, 0x00000000d5d00000, 0x0000000100000000)
  eden space 5632K, 99% used [0x00000000d5580000,0x00000000d5afd178,0x00000000d5b00000)
  from space 1024K, 61% used [0x00000000d5b00000,0x00000000d5b9d220,0x00000000d5c00000)
  to   space 1024K, 0% used [0x00000000d5c00000,0x00000000d5c00000,0x00000000d5d00000)
 ParOldGen       total 741888K, used 256893K [0x0000000080000000, 0x00000000ad480000, 0x00000000d5580000)
  object space 741888K, 34% used [0x0000000080000000,0x000000008fadf5f8,0x00000000ad480000)
 Metaspace       used 88519K, committed 90368K, reserved 1179648K
  class space    used 8946K, committed 9728K, reserved 1048576K
}
Event: 528.270 GC heap after
{Heap after GC invocations=1125 (full 5):
 PSYoungGen      total 6656K, used 481K [0x00000000d5580000, 0x00000000d5d00000, 0x0000000100000000)
  eden space 5632K, 0% used [0x00000000d5580000,0x00000000d5580000,0x00000000d5b00000)
  from space 1024K, 47% used [0x00000000d5c00000,0x00000000d5c78540,0x00000000d5d00000)
  to   space 1024K, 0% used [0x00000000d5b00000,0x00000000d5b00000,0x00000000d5c00000)
 ParOldGen       total 741888K, used 257306K [0x0000000080000000, 0x00000000ad480000, 0x00000000d5580000)
  object space 741888K, 34% used [0x0000000080000000,0x000000008fb46828,0x00000000ad480000)
 Metaspace       used 88519K, committed 90368K, reserved 1179648K
  class space    used 8946K, committed 9728K, reserved 1048576K
}

