# JRE version: OpenJDK Runtime Environment Temurin-21.0.9+10 (21.0.9+10) (build 21.0.9+10-LTS)
# Java VM: OpenJDK 64-Bit Server VM Temurin-21.0.9+10 (21.0.9+10-LTS, mixed mode, sharing, tiered, compressed oops, compressed class ptrs, parallel gc, windows-amd64)
GC Precious Log:
 CardTable entry size: 512
 CPUs: 16 total, 16 available
 Memory: 16077M
 Large Page Support: Disabled
 NUMA Support: Disabled
 Compressed Oops: Enabled (32-bit)
 Alignments: Space 512K, Generation 512K, Heap 2M
 Heap Min Capacity: 100M
 Heap Initial Capacity: 100M
 Heap Max Capacity: 2G
 Pre-touch: Disabled
 Parallel Workers: 13
Heap:
 PSYoungGen      total 5120K, used 1954K [0x00000000d5580000, 0x00000000d5c00000, 0x0000000100000000)
  eden space 4096K, 25% used [0x00000000d5580000,0x00000000d5688918,0x00000000d5980000)
  from space 1024K, 87% used [0x00000000d5b00000,0x00000000d5be0020,0x00000000d5c00000)
  to   space 1024K, 0% used [0x00000000d5980000,0x00000000d5980000,0x00000000d5a80000)
 ParOldGen       total 1144832K, used 1144738K [0x0000000080000000, 0x00000000c5e00000, 0x00000000d5580000)
  object space 1144832K, 99% used [0x0000000080000000,0x00000000c5de8a58,0x00000000c5e00000)
 Metaspace       used 87560K, committed 89280K, reserved 1179648K
  class space    used 8657K, committed 9472K, reserved 1048576K
GC Heap History (20 events):
Event: 22660.369 GC heap before
{Heap before GC invocations=1171 (full 5):
 PSYoungGen      total 5120K, used 5000K [0x00000000d5580000, 0x00000000d5c00000, 0x0000000100000000)
  eden space 4096K, 99% used [0x00000000d5580000,0x00000000d597d108,0x00000000d5980000)
  from space 1024K, 89% used [0x00000000d5b00000,0x00000000d5be5220,0x00000000d5c00000)
  to   space 1024K, 0% used [0x00000000d5980000,0x00000000d5980000,0x00000000d5a80000)
 ParOldGen       total 1137664K, used 1137334K [0x0000000080000000, 0x00000000c5700000, 0x00000000d5580000)
  object space 1137664K, 99% used [0x0000000080000000,0x00000000c56ad848,0x00000000c5700000)
 Metaspace       used 87493K, committed 89216K, reserved 1179648K
  class space    used 8643K, committed 9472K, reserved 1048576K
}
Event: 22660.372 GC heap after
{Heap after GC invocations=1171 (full 5):
 PSYoungGen      total 5120K, used 784K [0x00000000d5580000, 0x00000000d5b80000, 0x0000000100000000)
  eden space 4096K, 0% used [0x00000000d5580000,0x00000000d5580000,0x00000000d5980000)
  from space 1024K, 76% used [0x00000000d5980000,0x00000000d5a44010,0x00000000d5a80000)
  to   space 1024K, 0% used [0x00000000d5a80000,0x00000000d5a80000,0x00000000d5b80000)
 ParOldGen       total 1138176K, used 1138011K [0x0000000080000000, 0x00000000c5780000, 0x00000000d5580000)
  object space 1138176K, 99% used [0x0000000080000000,0x00000000c5756c08,0x00000000c5780000)
 Metaspace       used 87493K, committed 89216K, reserved 1179648K
  class space    used 8643K, committed 9472K, reserved 1048576K
}
Event: 22660.388 GC heap before
{Heap before GC invocations=1172 (full 5):
 PSYoungGen      total 5120K, used 4880K [0x00000000d5580000, 0x00000000d5b80000, 0x0000000100000000)
  eden space 4096K, 100% used [0x00000000d5580000,0x00000000d5980000,0x00000000d5980000)
  from space 1024K, 76% used [0x00000000d5980000,0x00000000d5a44010,0x00000000d5a80000)
  to   space 1024K, 0% used [0x00000000d5a80000,0x00000000d5a80000,0x00000000d5b80000)
 ParOldGen       total 1138176K, used 1138011K [0x0000000080000000, 0x00000000c5780000, 0x00000000d5580000)
  object space 1138176K, 99% used [0x0000000080000000,0x00000000c5756c08,0x00000000c5780000)
 Metaspace       used 87544K, committed 89216K, reserved 1179648K
  class space    used 8656K, committed 9472K, reserved 1048576K
}
Event: 22660.390 GC heap after
{Heap after GC invocations=1172 (full 5):
 PSYoungGen      total 4096K, used 1012K [0x00000000d5580000, 0x00000000d5d80000, 0x0000000100000000)
  eden space 3072K, 0% used [0x00000000d5580000,0x00000000d5580000,0x00000000d5880000)
  from space 1024K, 98% used [0x00000000d5a80000,0x00000000d5b7d200,0x00000000d5b80000)
  to   space 2048K, 0% used [0x00000000d5880000,0x00000000d5880000,0x00000000d5a80000)
 ParOldGen       total 1138688K, used 1138603K [0x0000000080000000, 0x00000000c5800000, 0x00000000d5580000)
  object space 1138688K, 99% used [0x0000000080000000,0x00000000c57eac38,0x00000000c5800000)
 Metaspace       used 87544K, committed 89216K, reserved 1179648K
  class space    used 8656K, committed 9472K, reserved 1048576K
}
Event: 22660.393 GC heap before
{Heap before GC invocations=1173 (full 5):
 PSYoungGen      total 4096K, used 4084K [0x00000000d5580000, 0x00000000d5d80000, 0x0000000100000000)
  eden space 3072K, 100% used [0x00000000d5580000,0x00000000d5880000,0x00000000d5880000)
  from space 1024K, 98% used [0x00000000d5a80000,0x00000000d5b7d200,0x00000000d5b80000)
  to   space 2048K, 0% used [0x00000000d5880000,0x00000000d5880000,0x00000000d5a80000)
 ParOldGen       total 1138688K, used 1138603K [0x0000000080000000, 0x00000000c5800000, 0x00000000d5580000)
  object space 1138688K, 99% used [0x0000000080000000,0x00000000c57eac38,0x00000000c5800000)
 Metaspace       used 87544K, committed 89216K, reserved 1179648K
  class space    used 8656K, committed 9472K, reserved 1048576K
}
Event: 22660.395 GC heap after
{Heap after GC invocations=1173 (full 5):
 PSYoungGen      total 5120K, used 704K [0x00000000d5580000, 0x00000000d5c80000, 0x0000000100000000)
  eden space 3072K, 0% used [0x00000000d5580000,0x00000000d5580000,0x00000000d5880000)
  from space 2048K, 34% used [0x00000000d5880000,0x00000000d5930000,0x00000000d5a80000)
  to   space 1536K, 0% used [0x00000000d5b00000,0x00000000d5b00000,0x00000000d5c80000)
 ParOldGen       total 1139712K, used 1139458K [0x0000000080000000, 0x00000000c5900000, 0x00000000d5580000)
  object space 1139712K, 99% used [0x0000000080000000,0x00000000c58c0858,0x00000000c5900000)
 Metaspace       used 87544K, committed 89216K, reserved 1179648K
  class space    used 8656K, committed 9472K, reserved 1048576K
}
Event: 22660.399 GC heap before
{Heap before GC invocations=1174 (full 5):
 PSYoungGen      total 5120K, used 3776K [0x00000000d5580000, 0x00000000d5c80000, 0x0000000100000000)
  eden space 3072K, 100% used [0x00000000d5580000,0x00000000d5880000,0x00000000d5880000)
  from space 2048K, 34% used [0x00000000d5880000,0x00000000d5930000,0x00000000d5a80000)
  to   space 1536K, 0% used [0x00000000d5b00000,0x00000000d5b00000,0x00000000d5c80000)
 ParOldGen       total 1139712K, used 1139458K [0x0000000080000000, 0x00000000c5900000, 0x00000000d5580000)
  object space 1139712K, 99% used [0x0000000080000000,0x00000000c58c0858,0x00000000c5900000)
 Metaspace       used 87544K, committed 89216K, reserved 1179648K
  class space    used 8656K, committed 9472K, reserved 1048576K
}
Event: 22660.401 GC heap after
{Heap after GC invocations=1174 (full 5):
 PSYoungGen      total 5120K, used 832K [0x00000000d5580000, 0x00000000d5c00000, 0x0000000100000000)
  eden space 4096K, 0% used [0x00000000d5580000,0x00000000d5580000,0x00000000d5980000)
  from space 1024K, 81% used [0x00000000d5b00000,0x00000000d5bd0000,0x00000000d5c00000)
  to   space 1024K, 0% used [0x00000000d5a00000,0x00000000d5a00000,0x00000000d5b00000)
 ParOldGen       total 1140224K, used 1139922K [0x0000000080000000, 0x00000000c5980000, 0x00000000d5580000)
  object space 1140224K, 99% used [0x0000000080000000,0x00000000c5934888,0x00000000c5980000)
 Metaspace       used 87544K, committed 89216K, reserved 1179648K
  class space    used 8656K, committed 9472K, reserved 1048576K
}
Event: 22660.408 GC heap before
{Heap before GC invocations=1175 (full 5):
 PSYoungGen      total 5120K, used 4928K [0x00000000d5580000, 0x00000000d5c00000, 0x0000000100000000)
  eden space 4096K, 100% used [0x00000000d5580000,0x00000000d5980000,0x00000000d5980000)
  from space 1024K, 81% used [0x00000000d5b00000,0x00000000d5bd0000,0x00000000d5c00000)
  to   space 1024K, 0% used [0x00000000d5a00000,0x00000000d5a00000,0x00000000d5b00000)
 ParOldGen       total 1140224K, used 1139922K [0x0000000080000000, 0x00000000c5980000, 0x00000000d5580000)
  object space 1140224K, 99% used [0x0000000080000000,0x00000000c5934888,0x00000000c5980000)
 Metaspace       used 87545K, committed 89216K, reserved 1179648K
  class space    used 8656K, committed 9472K, reserved 1048576K
}
Event: 22660.410 GC heap after
{Heap after GC invocations=1175 (full 5):
 PSYoungGen      total 5632K, used 852K [0x00000000d5580000, 0x00000000d5c80000, 0x0000000100000000)
  eden space 4608K, 0% used [0x00000000d5580000,0x00000000d5580000,0x00000000d5a00000)
  from space 1024K, 83% used [0x00000000d5a00000,0x00000000d5ad5220,0x00000000d5b00000)
  to   space 1024K, 0% used [0x00000000d5b80000,0x00000000d5b80000,0x00000000d5c80000)
 ParOldGen       total 1140736K, used 1140538K [0x0000000080000000, 0x00000000c5a00000, 0x00000000d5580000)
  object space 1140736K, 99% used [0x0000000080000000,0x00000000c59ce888,0x00000000c5a00000)
 Metaspace       used 87545K, committed 89216K, reserved 1179648K
  class space    used 8656K, committed 9472K, reserved 1048576K
}
Event: 22660.417 GC heap before
{Heap before GC invocations=1176 (full 5):
 PSYoungGen      total 5632K, used 5460K [0x00000000d5580000, 0x00000000d5c80000, 0x0000000100000000)
  eden space 4608K, 100% used [0x00000000d5580000,0x00000000d5a00000,0x00000000d5a00000)
  from space 1024K, 83% used [0x00000000d5a00000,0x00000000d5ad5220,0x00000000d5b00000)
  to   space 1024K, 0% used [0x00000000d5b80000,0x00000000d5b80000,0x00000000d5c80000)
 ParOldGen       total 1140736K, used 1140538K [0x0000000080000000, 0x00000000c5a00000, 0x00000000d5580000)
  object space 1140736K, 99% used [0x0000000080000000,0x00000000c59ce888,0x00000000c5a00000)
 Metaspace       used 87546K, committed 89216K, reserved 1179648K
  class space    used 8656K, committed 9472K, reserved 1048576K
}
Event: 22660.419 GC heap after
{Heap after GC invocations=1176 (full 5):
 PSYoungGen      total 6144K, used 992K [0x00000000d5580000, 0x00000000d5d00000, 0x0000000100000000)
  eden space 5120K, 0% used [0x00000000d5580000,0x00000000d5580000,0x00000000d5a80000)
  from space 1024K, 96% used [0x00000000d5b80000,0x00000000d5c78000,0x00000000d5c80000)
  to   space 1024K, 0% used [0x00000000d5a80000,0x00000000d5a80000,0x00000000d5b80000)
 ParOldGen       total 1141248K, used 1141110K [0x0000000080000000, 0x00000000c5a80000, 0x00000000d5580000)
  object space 1141248K, 99% used [0x0000000080000000,0x00000000c5a5dac8,0x00000000c5a80000)
 Metaspace       used 87546K, committed 89216K, reserved 1179648K
  class space    used 8656K, committed 9472K, reserved 1048576K
}
Event: 22669.610 GC heap before
{Heap before GC invocations=1177 (full 5):
 PSYoungGen      total 6144K, used 6112K [0x00000000d5580000, 0x00000000d5d00000, 0x0000000100000000)
  eden space 5120K, 100% used [0x00000000d5580000,0x00000000d5a80000,0x00000000d5a80000)
  from space 1024K, 96% used [0x00000000d5b80000,0x00000000d5c78000,0x00000000d5c80000)
  to   space 1024K, 0% used [0x00000000d5a80000,0x00000000d5a80000,0x00000000d5b80000)
 ParOldGen       total 1141248K, used 1141110K [0x0000000080000000, 0x00000000c5a80000, 0x00000000d5580000)
  object space 1141248K, 99% used [0x0000000080000000,0x00000000c5a5dac8,0x00000000c5a80000)
 Metaspace       used 87554K, committed 89216K, reserved 1179648K
  class space    used 8657K, committed 9472K, reserved 1048576K
}
Event: 22669.613 GC heap after
{Heap after GC invocations=1177 (full 5):
 PSYoungGen      total 6144K, used 256K [0x00000000d5580000, 0x00000000d5c80000, 0x0000000100000000)
  eden space 5120K, 0% used [0x00000000d5580000,0x00000000d5580000,0x00000000d5a80000)
  from space 1024K, 25% used [0x00000000d5a80000,0x00000000d5ac0000,0x00000000d5b80000)
  to   space 1024K, 0% used [0x00000000d5b80000,0x00000000d5b80000,0x00000000d5c80000)
 ParOldGen       total 1142272K, used 1141916K [0x0000000080000000, 0x00000000c5b80000, 0x00000000d5580000)
  object space 1142272K, 99% used [0x0000000080000000,0x00000000c5b27248,0x00000000c5b80000)
 Metaspace       used 87554K, committed 89216K, reserved 1179648K
  class space    used 8657K, committed 9472K, reserved 1048576K
}
Event: 22669.624 GC heap before
{Heap before GC invocations=1178 (full 5):
 PSYoungGen      total 6144K, used 5376K [0x00000000d5580000, 0x00000000d5c80000, 0x0000000100000000)
  eden space 5120K, 100% used [0x00000000d5580000,0x00000000d5a80000,0x00000000d5a80000)
  from space 1024K, 25% used [0x00000000d5a80000,0x00000000d5ac0000,0x00000000d5b80000)
  to   space 1024K, 0% used [0x00000000d5b80000,0x00000000d5b80000,0x00000000d5c80000)
 ParOldGen       total 1142272K, used 1141916K [0x0000000080000000, 0x00000000c5b80000, 0x00000000d5580000)
  object space 1142272K, 99% used [0x0000000080000000,0x00000000c5b27248,0x00000000c5b80000)
 Metaspace       used 87554K, committed 89216K, reserved 1179648K
  class space    used 8657K, committed 9472K, reserved 1048576K
}
Event: 22669.627 GC heap after
{Heap after GC invocations=1178 (full 5):
 PSYoungGen      total 6144K, used 804K [0x00000000d5580000, 0x00000000d5c80000, 0x0000000100000000)
  eden space 5120K, 0% used [0x00000000d5580000,0x00000000d5580000,0x00000000d5a80000)
  from space 1024K, 78% used [0x00000000d5b80000,0x00000000d5c49210,0x00000000d5c80000)
  to   space 1024K, 0% used [0x00000000d5a80000,0x00000000d5a80000,0x00000000d5b80000)
 ParOldGen       total 1142272K, used 1142004K [0x0000000080000000, 0x00000000c5b80000, 0x00000000d5580000)
  object space 1142272K, 99% used [0x0000000080000000,0x00000000c5b3d248,0x00000000c5b80000)
 Metaspace       used 87554K, committed 89216K, reserved 1179648K
  class space    used 8657K, committed 9472K, reserved 1048576K
}
Event: 22693.427 GC heap before
{Heap before GC invocations=1179 (full 5):
 PSYoungGen      total 6144K, used 5924K [0x00000000d5580000, 0x00000000d5c80000, 0x0000000100000000)
  eden space 5120K, 100% used [0x00000000d5580000,0x00000000d5a80000,0x00000000d5a80000)
  from space 1024K, 78% used [0x00000000d5b80000,0x00000000d5c49210,0x00000000d5c80000)
  to   space 1024K, 0% used [0x00000000d5a80000,0x00000000d5a80000,0x00000000d5b80000)
 ParOldGen       total 1142272K, used 1142004K [0x0000000080000000, 0x00000000c5b80000, 0x00000000d5580000)
  object space 1142272K, 99% used [0x0000000080000000,0x00000000c5b3d248,0x00000000c5b80000)
 Metaspace       used 87560K, committed 89280K, reserved 1179648K
  class space    used 8657K, committed 9472K, reserved 1048576K
}
Event: 22693.429 GC heap after
{Heap after GC invocations=1179 (full 5):
 PSYoungGen      total 6144K, used 804K [0x00000000d5580000, 0x00000000d5c80000, 0x0000000100000000)
  eden space 5120K, 0% used [0x00000000d5580000,0x00000000d5580000,0x00000000d5a80000)
  from space 1024K, 78% used [0x00000000d5a80000,0x00000000d5b49210,0x00000000d5b80000)
  to   space 1024K, 0% used [0x00000000d5b80000,0x00000000d5b80000,0x00000000d5c80000)
 ParOldGen       total 1142784K, used 1142641K [0x0000000080000000, 0x00000000c5c00000, 0x00000000d5580000)
  object space 1142784K, 99% used [0x0000000080000000,0x00000000c5bdc478,0x00000000c5c00000)
 Metaspace       used 87560K, committed 89280K, reserved 1179648K
  class space    used 8657K, committed 9472K, reserved 1048576K
}
Event: 22693.436 GC heap before
{Heap before GC invocations=1180 (full 5):
 PSYoungGen      total 6144K, used 5924K [0x00000000d5580000, 0x00000000d5c80000, 0x0000000100000000)
  eden space 5120K, 100% used [0x00000000d5580000,0x00000000d5a80000,0x00000000d5a80000)
  from space 1024K, 78% used [0x00000000d5a80000,0x00000000d5b49210,0x00000000d5b80000)
  to   space 1024K, 0% used [0x00000000d5b80000,0x00000000d5b80000,0x00000000d5c80000)
 ParOldGen       total 1142784K, used 1142641K [0x0000000080000000, 0x00000000c5c00000, 0x00000000d5580000)
  object space 1142784K, 99% used [0x0000000080000000,0x00000000c5bdc478,0x00000000c5c00000)
 Metaspace       used 87560K, committed 89280K, reserved 1179648K
  class space    used 8657K, committed 9472K, reserved 1048576K
}
Event: 22693.438 GC heap after
{Heap after GC invocations=1180 (full 5):
 PSYoungGen      total 5120K, used 1024K [0x00000000d5580000, 0x00000000d5e80000, 0x0000000100000000)
  eden space 4096K, 0% used [0x00000000d5580000,0x00000000d5580000,0x00000000d5980000)
  from space 1024K, 100% used [0x00000000d5b80000,0x00000000d5c80000,0x00000000d5c80000)
  to   space 2048K, 0% used [0x00000000d5980000,0x00000000d5980000,0x00000000d5b80000)
 ParOldGen       total 1143808K, used 1143376K [0x0000000080000000, 0x00000000c5d00000, 0x00000000d5580000)
  object space 1143808K, 99% used [0x0000000080000000,0x00000000c5c940b8,0x00000000c5d00000)
 Metaspace       used 87560K, committed 89280K, reserved 1179648K
  class space    used 8657K, committed 9472K, reserved 1048576K
}

